<?xml version="1.0" encoding="UTF-8"?>
<!-- Generated by org.testng.reporters.JUnitXMLReporter -->
<testsuite hostname="akhilesh-Lenovo-B40-70" name="Command line test" tests="12" failures="2" timestamp="21 Jan 2019 06:42:15 GMT" time="4369.771" errors="0">
  <testcase name="checkPage200" time="864.655" classname="com.amarujala.EpaperTest">
    <failure type="java.lang.ArrayIndexOutOfBoundsException" message="132">
      <![CDATA[java.lang.ArrayIndexOutOfBoundsException: 132
	at com.amarujala.EpaperTest.checkPage200(EpaperTest.java:203)
... Removed 34 stack frames]]>
    </failure>
  </testcase> <!-- checkPage200 -->
  <testcase name="hompepageTest" time="454.833" classname="com.amarujala.HomepageNGTest"/>
  <testcase name="stateBihar" time="62.684" classname="com.amarujala.HomepageNGTest"/>
  <testcase name="stateChhattisgarh" time="60.226" classname="com.amarujala.HomepageNGTest"/>
  <testcase name="stateDelhi" time="309.765" classname="com.amarujala.HomepageNGTest"/>
  <testcase name="stateHP" time="510.137" classname="com.amarujala.HomepageNGTest"/>
  <testcase name="stateJammu_Kasmeer" time="400.147" classname="com.amarujala.HomepageNGTest"/>
  <testcase name="stateJharkhand" time="84.642" classname="com.amarujala.HomepageNGTest"/>
  <testcase name="stateMadhyapradesh" time="84.187" classname="com.amarujala.HomepageNGTest"/>
  <testcase name="stateRajasthan" time="77.391" classname="com.amarujala.HomepageNGTest"/>
  <testcase name="stateUP" time="821.111" classname="com.amarujala.HomepageNGTest"/>
  <testcase name="stateUttrakhand" time="612.897" classname="com.amarujala.HomepageNGTest">
    <failure type="org.openqa.selenium.ElementNotVisibleException" message="element not interactable
  (Session info: chrome=71.0.3578.98)
  (Driver info: chromedriver=2.45.615279 (12b89733300bd268cff3b78fc76cb8f3a7cc44e5),platform=Linux 4.15.0-43-generic x86_64) (WARNING: The server did not provide any stacktrace information)
Command duration or timeout: 30.06 seconds
Build info: version: &amp;apos;3.3.1&amp;apos;, revision: &amp;apos;5234b325d5&amp;apos;, time: &amp;apos;2017-03-10 09:10:29 +0000&amp;apos;
System info: host: &amp;apos;akhilesh-Lenovo-B40-70&amp;apos;, ip: &amp;apos;127.0.1.1&amp;apos;, os.name: &amp;apos;Linux&amp;apos;, os.arch: &amp;apos;amd64&amp;apos;, os.version: &amp;apos;4.15.0-43-generic&amp;apos;, java.version: &amp;apos;1.8.0_191&amp;apos;
Driver info: org.openqa.selenium.chrome.ChromeDriver
Capabilities [{mobileEmulationEnabled=false, timeouts={implicit=0, pageLoad=300000, script=30000}, hasTouchScreen=false, platform=LINUX, acceptSslCerts=false, goog:chromeOptions={debuggerAddress=localhost:36021}, acceptInsecureCerts=false, webStorageEnabled=true, browserName=chrome, takesScreenshot=true, javascriptEnabled=true, setWindowRect=true, unexpectedAlertBehaviour=ignore, applicationCacheEnabled=false, rotatable=false, networkConnectionEnabled=false, chrome={chromedriverVersion=2.45.615279 (12b89733300bd268cff3b78fc76cb8f3a7cc44e5), userDataDir=/tmp/.org.chromium.Chromium.SV7nQL}, takesHeapSnapshot=true, pageLoadStrategy=normal, strictFileInteractability=false, databaseEnabled=false, handlesAlerts=true, version=71.0.3578.98, browserConnectionEnabled=false, proxy={}, nativeEvents=true, locationContextEnabled=true, cssSelectorsEnabled=true}]
Session ID: 117c2fc367ee13e3089c36cb68089fde">
      <![CDATA[org.openqa.selenium.ElementNotVisibleException: element not interactable
  (Session info: chrome=71.0.3578.98)
  (Driver info: chromedriver=2.45.615279 (12b89733300bd268cff3b78fc76cb8f3a7cc44e5),platform=Linux 4.15.0-43-generic x86_64) (WARNING: The server did not provide any stacktrace information)
Command duration or timeout: 30.06 seconds
Build info: version: '3.3.1', revision: '5234b325d5', time: '2017-03-10 09:10:29 +0000'
System info: host: 'akhilesh-Lenovo-B40-70', ip: '127.0.1.1', os.name: 'Linux', os.arch: 'amd64', os.version: '4.15.0-43-generic', java.version: '1.8.0_191'
Driver info: org.openqa.selenium.chrome.ChromeDriver
Capabilities [{mobileEmulationEnabled=false, timeouts={implicit=0, pageLoad=300000, script=30000}, hasTouchScreen=false, platform=LINUX, acceptSslCerts=false, goog:chromeOptions={debuggerAddress=localhost:36021}, acceptInsecureCerts=false, webStorageEnabled=true, browserName=chrome, takesScreenshot=true, javascriptEnabled=true, setWindowRect=true, unexpectedAlertBehaviour=ignore, applicationCacheEnabled=false, rotatable=false, networkConnectionEnabled=false, chrome={chromedriverVersion=2.45.615279 (12b89733300bd268cff3b78fc76cb8f3a7cc44e5), userDataDir=/tmp/.org.chromium.Chromium.SV7nQL}, takesHeapSnapshot=true, pageLoadStrategy=normal, strictFileInteractability=false, databaseEnabled=false, handlesAlerts=true, version=71.0.3578.98, browserConnectionEnabled=false, proxy={}, nativeEvents=true, locationContextEnabled=true, cssSelectorsEnabled=true}]
Session ID: 117c2fc367ee13e3089c36cb68089fde
	at org.openqa.selenium.remote.ErrorHandler.createThrowable(ErrorHandler.java:216)
	at org.openqa.selenium.remote.ErrorHandler.throwIfResponseFailed(ErrorHandler.java:168)
	at org.openqa.selenium.remote.RemoteWebDriver.execute(RemoteWebDriver.java:638)
	at org.openqa.selenium.remote.RemoteWebElement.execute(RemoteWebElement.java:274)
	at org.openqa.selenium.remote.RemoteWebElement.click(RemoteWebElement.java:84)
	at com.amarujala.HomepageNGTest.stateUttrakhand(HomepageNGTest.java:1085)
... Removed 38 stack frames]]>
    </failure>
  </testcase> <!-- stateUttrakhand -->
</testsuite> <!-- Command line test -->
