<?xml version="1.0" encoding="UTF-8" ?>
<testsuite tests="3" failures="2" name="com.amarujala.EpaperTest" time="0.794" errors="0" skipped="1">
  <properties>
[...]
</properties>
  <testcase classname="com.amarujala.EpaperTest" name="checkPage200" time="0.014">
    <failure type="java.lang.NullPointerException">java.lang.NullPointerException
	at com.amarujala.EpaperTest.checkPage200(EpaperTest.java:59)
</failure>
    <system-err>Jan 17, 2019 11:47:07 AM com.relevantcodes.extentreports.ExtentReports loadConfig
WARNING: Unable to perform report configuration. The file /home/akhilesh/NetBeansProjects/AmarujalaSanity/AmarujalaSanity\extent-config.xml was not found.
</system-err>
  </testcase>
  <testcase classname="com.amarujala.EpaperTest" name="tearDown" time="0.016">
    <failure type="java.lang.NullPointerException">java.lang.NullPointerException
	at com.amarujala.EpaperTest.tearDown(EpaperTest.java:236)
</failure>
  </testcase>
  <testcase classname="com.amarujala.EpaperTest" name="endReport" time="0.016">
    <skipped/>
  </testcase>
</testsuite>