<?xml version="1.0" encoding="UTF-8"?>
<testng-results skipped="0" failed="2" total="12" passed="10">
  <reporter-output>
  </reporter-output>
  <suite name="Command line suite" duration-ms="4369771" started-at="2019-01-21T05:29:25Z" finished-at="2019-01-21T06:42:15Z">
    <groups>
    </groups>
    <test name="Command line test" duration-ms="4369771" started-at="2019-01-21T05:29:25Z" finished-at="2019-01-21T06:42:15Z">
      <class name="com.amarujala.HomepageNGTest">
        <test-method status="PASS" signature="setUp()[pri:0, instance:com.amarujala.HomepageNGTest@13969fbe]" name="setUp" is-config="true" duration-ms="17470" started-at="2019-01-21T11:13:58Z" finished-at="2019-01-21T11:14:15Z">
          <reporter-output>
          </reporter-output>
        </test-method> <!-- setUp -->
        <test-method status="PASS" signature="hompepageTest()[pri:0, instance:com.amarujala.HomepageNGTest@13969fbe]" name="hompepageTest" duration-ms="454833" started-at="2019-01-21T11:14:15Z" finished-at="2019-01-21T11:21:50Z">
          <reporter-output>
          </reporter-output>
        </test-method> <!-- hompepageTest -->
        <test-method status="PASS" signature="getResult(org.testng.ITestResult)[pri:0, instance:com.amarujala.HomepageNGTest@13969fbe]" name="getResult" is-config="true" duration-ms="0" started-at="2019-01-21T11:21:50Z" finished-at="2019-01-21T11:21:50Z">
          <params>
            <param index="0">
              <value>
                <![CDATA[[TestResult name=hompepageTest status=SUCCESS method=HomepageNGTest.hompepageTest()[pri:0, instance:com.amarujala.HomepageNGTest@13969fbe] output={null}]]]>
              </value>
            </param>
          </params>
          <reporter-output>
          </reporter-output>
        </test-method> <!-- getResult -->
        <test-method status="PASS" signature="stateBihar()[pri:0, instance:com.amarujala.HomepageNGTest@13969fbe]" name="stateBihar" duration-ms="62684" started-at="2019-01-21T11:21:50Z" finished-at="2019-01-21T11:22:53Z">
          <reporter-output>
          </reporter-output>
        </test-method> <!-- stateBihar -->
        <test-method status="PASS" signature="getResult(org.testng.ITestResult)[pri:0, instance:com.amarujala.HomepageNGTest@13969fbe]" name="getResult" is-config="true" duration-ms="1" started-at="2019-01-21T11:22:53Z" finished-at="2019-01-21T11:22:53Z">
          <params>
            <param index="0">
              <value>
                <![CDATA[[TestResult name=stateBihar status=SUCCESS method=HomepageNGTest.stateBihar()[pri:0, instance:com.amarujala.HomepageNGTest@13969fbe] output={null}]]]>
              </value>
            </param>
          </params>
          <reporter-output>
          </reporter-output>
        </test-method> <!-- getResult -->
        <test-method status="PASS" signature="stateChhattisgarh()[pri:0, instance:com.amarujala.HomepageNGTest@13969fbe]" name="stateChhattisgarh" duration-ms="60226" started-at="2019-01-21T11:22:53Z" finished-at="2019-01-21T11:23:53Z">
          <reporter-output>
          </reporter-output>
        </test-method> <!-- stateChhattisgarh -->
        <test-method status="PASS" signature="getResult(org.testng.ITestResult)[pri:0, instance:com.amarujala.HomepageNGTest@13969fbe]" name="getResult" is-config="true" duration-ms="1" started-at="2019-01-21T11:23:53Z" finished-at="2019-01-21T11:23:53Z">
          <params>
            <param index="0">
              <value>
                <![CDATA[[TestResult name=stateChhattisgarh status=SUCCESS method=HomepageNGTest.stateChhattisgarh()[pri:0, instance:com.amarujala.HomepageNGTest@13969fbe] output={null}]]]>
              </value>
            </param>
          </params>
          <reporter-output>
          </reporter-output>
        </test-method> <!-- getResult -->
        <test-method status="PASS" signature="stateDelhi()[pri:0, instance:com.amarujala.HomepageNGTest@13969fbe]" name="stateDelhi" duration-ms="309765" started-at="2019-01-21T11:23:53Z" finished-at="2019-01-21T11:29:03Z">
          <reporter-output>
          </reporter-output>
        </test-method> <!-- stateDelhi -->
        <test-method status="PASS" signature="getResult(org.testng.ITestResult)[pri:0, instance:com.amarujala.HomepageNGTest@13969fbe]" name="getResult" is-config="true" duration-ms="0" started-at="2019-01-21T11:29:03Z" finished-at="2019-01-21T11:29:03Z">
          <params>
            <param index="0">
              <value>
                <![CDATA[[TestResult name=stateDelhi status=SUCCESS method=HomepageNGTest.stateDelhi()[pri:0, instance:com.amarujala.HomepageNGTest@13969fbe] output={null}]]]>
              </value>
            </param>
          </params>
          <reporter-output>
          </reporter-output>
        </test-method> <!-- getResult -->
        <test-method status="PASS" signature="stateHP()[pri:0, instance:com.amarujala.HomepageNGTest@13969fbe]" name="stateHP" duration-ms="510137" started-at="2019-01-21T11:29:03Z" finished-at="2019-01-21T11:37:33Z">
          <reporter-output>
          </reporter-output>
        </test-method> <!-- stateHP -->
        <test-method status="PASS" signature="getResult(org.testng.ITestResult)[pri:0, instance:com.amarujala.HomepageNGTest@13969fbe]" name="getResult" is-config="true" duration-ms="0" started-at="2019-01-21T11:37:33Z" finished-at="2019-01-21T11:37:33Z">
          <params>
            <param index="0">
              <value>
                <![CDATA[[TestResult name=stateHP status=SUCCESS method=HomepageNGTest.stateHP()[pri:0, instance:com.amarujala.HomepageNGTest@13969fbe] output={null}]]]>
              </value>
            </param>
          </params>
          <reporter-output>
          </reporter-output>
        </test-method> <!-- getResult -->
        <test-method status="PASS" signature="stateJammu_Kasmeer()[pri:0, instance:com.amarujala.HomepageNGTest@13969fbe]" name="stateJammu_Kasmeer" duration-ms="400147" started-at="2019-01-21T11:37:33Z" finished-at="2019-01-21T11:44:13Z">
          <reporter-output>
          </reporter-output>
        </test-method> <!-- stateJammu_Kasmeer -->
        <test-method status="PASS" signature="getResult(org.testng.ITestResult)[pri:0, instance:com.amarujala.HomepageNGTest@13969fbe]" name="getResult" is-config="true" duration-ms="1" started-at="2019-01-21T11:44:13Z" finished-at="2019-01-21T11:44:13Z">
          <params>
            <param index="0">
              <value>
                <![CDATA[[TestResult name=stateJammu_Kasmeer status=SUCCESS method=HomepageNGTest.stateJammu_Kasmeer()[pri:0, instance:com.amarujala.HomepageNGTest@13969fbe] output={null}]]]>
              </value>
            </param>
          </params>
          <reporter-output>
          </reporter-output>
        </test-method> <!-- getResult -->
        <test-method status="PASS" signature="stateJharkhand()[pri:0, instance:com.amarujala.HomepageNGTest@13969fbe]" name="stateJharkhand" duration-ms="84642" started-at="2019-01-21T11:44:13Z" finished-at="2019-01-21T11:45:38Z">
          <reporter-output>
          </reporter-output>
        </test-method> <!-- stateJharkhand -->
        <test-method status="PASS" signature="getResult(org.testng.ITestResult)[pri:0, instance:com.amarujala.HomepageNGTest@13969fbe]" name="getResult" is-config="true" duration-ms="0" started-at="2019-01-21T11:45:38Z" finished-at="2019-01-21T11:45:38Z">
          <params>
            <param index="0">
              <value>
                <![CDATA[[TestResult name=stateJharkhand status=SUCCESS method=HomepageNGTest.stateJharkhand()[pri:0, instance:com.amarujala.HomepageNGTest@13969fbe] output={null}]]]>
              </value>
            </param>
          </params>
          <reporter-output>
          </reporter-output>
        </test-method> <!-- getResult -->
        <test-method status="PASS" signature="stateMadhyapradesh()[pri:0, instance:com.amarujala.HomepageNGTest@13969fbe]" name="stateMadhyapradesh" duration-ms="84187" started-at="2019-01-21T11:45:38Z" finished-at="2019-01-21T11:47:02Z">
          <reporter-output>
          </reporter-output>
        </test-method> <!-- stateMadhyapradesh -->
        <test-method status="PASS" signature="stateRajasthan()[pri:0, instance:com.amarujala.HomepageNGTest@13969fbe]" name="stateRajasthan" duration-ms="77391" started-at="2019-01-21T11:47:02Z" finished-at="2019-01-21T11:48:19Z">
          <reporter-output>
          </reporter-output>
        </test-method> <!-- stateRajasthan -->
        <test-method status="PASS" signature="getResult(org.testng.ITestResult)[pri:0, instance:com.amarujala.HomepageNGTest@13969fbe]" name="getResult" is-config="true" duration-ms="0" started-at="2019-01-21T11:47:02Z" finished-at="2019-01-21T11:47:02Z">
          <params>
            <param index="0">
              <value>
                <![CDATA[[TestResult name=stateMadhyapradesh status=SUCCESS method=HomepageNGTest.stateMadhyapradesh()[pri:0, instance:com.amarujala.HomepageNGTest@13969fbe] output={null}]]]>
              </value>
            </param>
          </params>
          <reporter-output>
          </reporter-output>
        </test-method> <!-- getResult -->
        <test-method status="PASS" signature="getResult(org.testng.ITestResult)[pri:0, instance:com.amarujala.HomepageNGTest@13969fbe]" name="getResult" is-config="true" duration-ms="1" started-at="2019-01-21T11:48:19Z" finished-at="2019-01-21T11:48:19Z">
          <params>
            <param index="0">
              <value>
                <![CDATA[[TestResult name=stateRajasthan status=SUCCESS method=HomepageNGTest.stateRajasthan()[pri:0, instance:com.amarujala.HomepageNGTest@13969fbe] output={null}]]]>
              </value>
            </param>
          </params>
          <reporter-output>
          </reporter-output>
        </test-method> <!-- getResult -->
        <test-method status="PASS" signature="stateUP()[pri:0, instance:com.amarujala.HomepageNGTest@13969fbe]" name="stateUP" duration-ms="821111" started-at="2019-01-21T11:48:19Z" finished-at="2019-01-21T12:02:01Z">
          <reporter-output>
          </reporter-output>
        </test-method> <!-- stateUP -->
        <test-method status="PASS" signature="getResult(org.testng.ITestResult)[pri:0, instance:com.amarujala.HomepageNGTest@13969fbe]" name="getResult" is-config="true" duration-ms="1" started-at="2019-01-21T12:02:01Z" finished-at="2019-01-21T12:02:01Z">
          <params>
            <param index="0">
              <value>
                <![CDATA[[TestResult name=stateUP status=SUCCESS method=HomepageNGTest.stateUP()[pri:0, instance:com.amarujala.HomepageNGTest@13969fbe] output={null}]]]>
              </value>
            </param>
          </params>
          <reporter-output>
          </reporter-output>
        </test-method> <!-- getResult -->
        <test-method status="FAIL" signature="stateUttrakhand()[pri:0, instance:com.amarujala.HomepageNGTest@13969fbe]" name="stateUttrakhand" duration-ms="612897" started-at="2019-01-21T12:02:01Z" finished-at="2019-01-21T12:12:13Z">
          <exception class="org.openqa.selenium.ElementNotVisibleException">
            <message>
              <![CDATA[element not interactable
  (Session info: chrome=71.0.3578.98)
  (Driver info: chromedriver=2.45.615279 (12b89733300bd268cff3b78fc76cb8f3a7cc44e5),platform=Linux 4.15.0-43-generic x86_64) (WARNING: The server did not provide any stacktrace information)
Command duration or timeout: 30.06 seconds
Build info: version: '3.3.1', revision: '5234b325d5', time: '2017-03-10 09:10:29 +0000'
System info: host: 'akhilesh-Lenovo-B40-70', ip: '127.0.1.1', os.name: 'Linux', os.arch: 'amd64', os.version: '4.15.0-43-generic', java.version: '1.8.0_191'
Driver info: org.openqa.selenium.chrome.ChromeDriver
Capabilities [{mobileEmulationEnabled=false, timeouts={implicit=0, pageLoad=300000, script=30000}, hasTouchScreen=false, platform=LINUX, acceptSslCerts=false, goog:chromeOptions={debuggerAddress=localhost:36021}, acceptInsecureCerts=false, webStorageEnabled=true, browserName=chrome, takesScreenshot=true, javascriptEnabled=true, setWindowRect=true, unexpectedAlertBehaviour=ignore, applicationCacheEnabled=false, rotatable=false, networkConnectionEnabled=false, chrome={chromedriverVersion=2.45.615279 (12b89733300bd268cff3b78fc76cb8f3a7cc44e5), userDataDir=/tmp/.org.chromium.Chromium.SV7nQL}, takesHeapSnapshot=true, pageLoadStrategy=normal, strictFileInteractability=false, databaseEnabled=false, handlesAlerts=true, version=71.0.3578.98, browserConnectionEnabled=false, proxy={}, nativeEvents=true, locationContextEnabled=true, cssSelectorsEnabled=true}]
Session ID: 117c2fc367ee13e3089c36cb68089fde]]>
            </message>
            <full-stacktrace>
              <![CDATA[org.openqa.selenium.ElementNotVisibleException: element not interactable
  (Session info: chrome=71.0.3578.98)
  (Driver info: chromedriver=2.45.615279 (12b89733300bd268cff3b78fc76cb8f3a7cc44e5),platform=Linux 4.15.0-43-generic x86_64) (WARNING: The server did not provide any stacktrace information)
Command duration or timeout: 30.06 seconds
Build info: version: '3.3.1', revision: '5234b325d5', time: '2017-03-10 09:10:29 +0000'
System info: host: 'akhilesh-Lenovo-B40-70', ip: '127.0.1.1', os.name: 'Linux', os.arch: 'amd64', os.version: '4.15.0-43-generic', java.version: '1.8.0_191'
Driver info: org.openqa.selenium.chrome.ChromeDriver
Capabilities [{mobileEmulationEnabled=false, timeouts={implicit=0, pageLoad=300000, script=30000}, hasTouchScreen=false, platform=LINUX, acceptSslCerts=false, goog:chromeOptions={debuggerAddress=localhost:36021}, acceptInsecureCerts=false, webStorageEnabled=true, browserName=chrome, takesScreenshot=true, javascriptEnabled=true, setWindowRect=true, unexpectedAlertBehaviour=ignore, applicationCacheEnabled=false, rotatable=false, networkConnectionEnabled=false, chrome={chromedriverVersion=2.45.615279 (12b89733300bd268cff3b78fc76cb8f3a7cc44e5), userDataDir=/tmp/.org.chromium.Chromium.SV7nQL}, takesHeapSnapshot=true, pageLoadStrategy=normal, strictFileInteractability=false, databaseEnabled=false, handlesAlerts=true, version=71.0.3578.98, browserConnectionEnabled=false, proxy={}, nativeEvents=true, locationContextEnabled=true, cssSelectorsEnabled=true}]
Session ID: 117c2fc367ee13e3089c36cb68089fde
	at sun.reflect.NativeConstructorAccessorImpl.newInstance0(Native Method)
	at sun.reflect.NativeConstructorAccessorImpl.newInstance(NativeConstructorAccessorImpl.java:62)
	at sun.reflect.DelegatingConstructorAccessorImpl.newInstance(DelegatingConstructorAccessorImpl.java:45)
	at java.lang.reflect.Constructor.newInstance(Constructor.java:423)
	at org.openqa.selenium.remote.ErrorHandler.createThrowable(ErrorHandler.java:216)
	at org.openqa.selenium.remote.ErrorHandler.throwIfResponseFailed(ErrorHandler.java:168)
	at org.openqa.selenium.remote.RemoteWebDriver.execute(RemoteWebDriver.java:638)
	at org.openqa.selenium.remote.RemoteWebElement.execute(RemoteWebElement.java:274)
	at org.openqa.selenium.remote.RemoteWebElement.click(RemoteWebElement.java:84)
	at com.amarujala.HomepageNGTest.stateUttrakhand(HomepageNGTest.java:1085)
	at sun.reflect.NativeMethodAccessorImpl.invoke0(Native Method)
	at sun.reflect.NativeMethodAccessorImpl.invoke(NativeMethodAccessorImpl.java:62)
	at sun.reflect.DelegatingMethodAccessorImpl.invoke(DelegatingMethodAccessorImpl.java:43)
	at java.lang.reflect.Method.invoke(Method.java:498)
	at org.testng.internal.MethodInvocationHelper.invokeMethod(MethodInvocationHelper.java:84)
	at org.testng.internal.Invoker.invokeMethod(Invoker.java:714)
	at org.testng.internal.Invoker.invokeTestMethod(Invoker.java:901)
	at org.testng.internal.Invoker.invokeTestMethods(Invoker.java:1231)
	at org.testng.internal.TestMethodWorker.invokeTestMethods(TestMethodWorker.java:127)
	at org.testng.internal.TestMethodWorker.run(TestMethodWorker.java:111)
	at org.testng.TestRunner.privateRun(TestRunner.java:767)
	at org.testng.TestRunner.run(TestRunner.java:617)
	at org.testng.SuiteRunner.runTest(SuiteRunner.java:334)
	at org.testng.SuiteRunner.runSequentially(SuiteRunner.java:329)
	at org.testng.SuiteRunner.privateRun(SuiteRunner.java:291)
	at org.testng.SuiteRunner.run(SuiteRunner.java:240)
	at org.testng.SuiteRunnerWorker.runSuite(SuiteRunnerWorker.java:52)
	at org.testng.SuiteRunnerWorker.run(SuiteRunnerWorker.java:86)
	at org.testng.TestNG.runSuitesSequentially(TestNG.java:1224)
	at org.testng.TestNG.runSuitesLocally(TestNG.java:1149)
	at org.testng.TestNG.run(TestNG.java:1057)
	at org.apache.maven.surefire.testng.TestNGExecutor.run(TestNGExecutor.java:70)
	at org.apache.maven.surefire.testng.TestNGDirectoryTestSuite.executeMulti(TestNGDirectoryTestSuite.java:158)
	at org.apache.maven.surefire.testng.TestNGDirectoryTestSuite.execute(TestNGDirectoryTestSuite.java:98)
	at org.apache.maven.surefire.testng.TestNGProvider.invoke(TestNGProvider.java:111)
	at sun.reflect.NativeMethodAccessorImpl.invoke0(Native Method)
	at sun.reflect.NativeMethodAccessorImpl.invoke(NativeMethodAccessorImpl.java:62)
	at sun.reflect.DelegatingMethodAccessorImpl.invoke(DelegatingMethodAccessorImpl.java:43)
	at java.lang.reflect.Method.invoke(Method.java:498)
	at org.apache.maven.surefire.util.ReflectionUtils.invokeMethodWithArray(ReflectionUtils.java:164)
	at org.apache.maven.surefire.booter.ProviderFactory$ProviderProxy.invoke(ProviderFactory.java:110)
	at org.apache.maven.surefire.booter.SurefireStarter.invokeProvider(SurefireStarter.java:175)
	at org.apache.maven.surefire.booter.SurefireStarter.runSuitesInProcessWhenForked(SurefireStarter.java:107)
	at org.apache.maven.surefire.booter.ForkedBooter.main(ForkedBooter.java:68)
]]>
            </full-stacktrace>
          </exception> <!-- org.openqa.selenium.ElementNotVisibleException -->
          <reporter-output>
          </reporter-output>
        </test-method> <!-- stateUttrakhand -->
        <test-method status="PASS" signature="getResult(org.testng.ITestResult)[pri:0, instance:com.amarujala.HomepageNGTest@13969fbe]" name="getResult" is-config="true" duration-ms="0" started-at="2019-01-21T12:12:13Z" finished-at="2019-01-21T12:12:13Z">
          <params>
            <param index="0">
              <value>
                <![CDATA[[TestResult name=stateUttrakhand status=FAILURE method=HomepageNGTest.stateUttrakhand()[pri:0, instance:com.amarujala.HomepageNGTest@13969fbe] output={null}]]]>
              </value>
            </param>
          </params>
          <reporter-output>
          </reporter-output>
        </test-method> <!-- getResult -->
        <test-method status="PASS" signature="tearDown()[pri:0, instance:com.amarujala.HomepageNGTest@13969fbe]" name="tearDown" is-config="true" duration-ms="705" started-at="2019-01-21T12:12:13Z" finished-at="2019-01-21T12:12:14Z">
          <reporter-output>
          </reporter-output>
        </test-method> <!-- tearDown -->
      </class> <!-- com.amarujala.HomepageNGTest -->
      <class name="com.amarujala.EpaperTest">
        <test-method status="PASS" signature="startReport()[pri:0, instance:com.amarujala.EpaperTest@73f792cf]" name="startReport" is-config="true" duration-ms="380" started-at="2019-01-21T10:59:25Z" finished-at="2019-01-21T10:59:26Z">
          <reporter-output>
          </reporter-output>
        </test-method> <!-- startReport -->
        <test-method status="PASS" signature="startReport()[pri:0, instance:com.amarujala.HomepageNGTest@13969fbe]" name="startReport" is-config="true" duration-ms="9" started-at="2019-01-21T10:59:26Z" finished-at="2019-01-21T10:59:26Z">
          <reporter-output>
          </reporter-output>
        </test-method> <!-- startReport -->
        <test-method status="PASS" signature="setUp()[pri:0, instance:com.amarujala.EpaperTest@73f792cf]" name="setUp" is-config="true" duration-ms="6083" started-at="2019-01-21T10:59:26Z" finished-at="2019-01-21T10:59:32Z">
          <reporter-output>
          </reporter-output>
        </test-method> <!-- setUp -->
        <test-method status="FAIL" signature="checkPage200()[pri:0, instance:com.amarujala.EpaperTest@73f792cf]" name="checkPage200" duration-ms="864655" started-at="2019-01-21T10:59:32Z" finished-at="2019-01-21T11:13:56Z">
          <exception class="java.lang.ArrayIndexOutOfBoundsException">
            <message>
              <![CDATA[132]]>
            </message>
            <full-stacktrace>
              <![CDATA[java.lang.ArrayIndexOutOfBoundsException: 132
	at com.amarujala.EpaperTest.checkPage200(EpaperTest.java:203)
	at sun.reflect.NativeMethodAccessorImpl.invoke0(Native Method)
	at sun.reflect.NativeMethodAccessorImpl.invoke(NativeMethodAccessorImpl.java:62)
	at sun.reflect.DelegatingMethodAccessorImpl.invoke(DelegatingMethodAccessorImpl.java:43)
	at java.lang.reflect.Method.invoke(Method.java:498)
	at org.testng.internal.MethodInvocationHelper.invokeMethod(MethodInvocationHelper.java:84)
	at org.testng.internal.Invoker.invokeMethod(Invoker.java:714)
	at org.testng.internal.Invoker.invokeTestMethod(Invoker.java:901)
	at org.testng.internal.Invoker.invokeTestMethods(Invoker.java:1231)
	at org.testng.internal.TestMethodWorker.invokeTestMethods(TestMethodWorker.java:127)
	at org.testng.internal.TestMethodWorker.run(TestMethodWorker.java:111)
	at org.testng.TestRunner.privateRun(TestRunner.java:767)
	at org.testng.TestRunner.run(TestRunner.java:617)
	at org.testng.SuiteRunner.runTest(SuiteRunner.java:334)
	at org.testng.SuiteRunner.runSequentially(SuiteRunner.java:329)
	at org.testng.SuiteRunner.privateRun(SuiteRunner.java:291)
	at org.testng.SuiteRunner.run(SuiteRunner.java:240)
	at org.testng.SuiteRunnerWorker.runSuite(SuiteRunnerWorker.java:52)
	at org.testng.SuiteRunnerWorker.run(SuiteRunnerWorker.java:86)
	at org.testng.TestNG.runSuitesSequentially(TestNG.java:1224)
	at org.testng.TestNG.runSuitesLocally(TestNG.java:1149)
	at org.testng.TestNG.run(TestNG.java:1057)
	at org.apache.maven.surefire.testng.TestNGExecutor.run(TestNGExecutor.java:70)
	at org.apache.maven.surefire.testng.TestNGDirectoryTestSuite.executeMulti(TestNGDirectoryTestSuite.java:158)
	at org.apache.maven.surefire.testng.TestNGDirectoryTestSuite.execute(TestNGDirectoryTestSuite.java:98)
	at org.apache.maven.surefire.testng.TestNGProvider.invoke(TestNGProvider.java:111)
	at sun.reflect.NativeMethodAccessorImpl.invoke0(Native Method)
	at sun.reflect.NativeMethodAccessorImpl.invoke(NativeMethodAccessorImpl.java:62)
	at sun.reflect.DelegatingMethodAccessorImpl.invoke(DelegatingMethodAccessorImpl.java:43)
	at java.lang.reflect.Method.invoke(Method.java:498)
	at org.apache.maven.surefire.util.ReflectionUtils.invokeMethodWithArray(ReflectionUtils.java:164)
	at org.apache.maven.surefire.booter.ProviderFactory$ProviderProxy.invoke(ProviderFactory.java:110)
	at org.apache.maven.surefire.booter.SurefireStarter.invokeProvider(SurefireStarter.java:175)
	at org.apache.maven.surefire.booter.SurefireStarter.runSuitesInProcessWhenForked(SurefireStarter.java:107)
	at org.apache.maven.surefire.booter.ForkedBooter.main(ForkedBooter.java:68)
]]>
            </full-stacktrace>
          </exception> <!-- java.lang.ArrayIndexOutOfBoundsException -->
          <reporter-output>
          </reporter-output>
        </test-method> <!-- checkPage200 -->
        <test-method status="PASS" signature="getResult(org.testng.ITestResult)[pri:0, instance:com.amarujala.EpaperTest@73f792cf]" name="getResult" is-config="true" duration-ms="29" started-at="2019-01-21T11:13:57Z" finished-at="2019-01-21T11:13:57Z">
          <params>
            <param index="0">
              <value>
                <![CDATA[[TestResult name=checkPage200 status=FAILURE method=EpaperTest.checkPage200()[pri:0, instance:com.amarujala.EpaperTest@73f792cf] output={null}]]]>
              </value>
            </param>
          </params>
          <reporter-output>
          </reporter-output>
        </test-method> <!-- getResult -->
        <test-method status="PASS" signature="tearDown()[pri:0, instance:com.amarujala.EpaperTest@73f792cf]" name="tearDown" is-config="true" duration-ms="1408" started-at="2019-01-21T11:13:57Z" finished-at="2019-01-21T11:13:58Z">
          <reporter-output>
          </reporter-output>
        </test-method> <!-- tearDown -->
        <test-method status="PASS" signature="tearDownMethod()[pri:0, instance:com.amarujala.EpaperTest@73f792cf]" name="tearDownMethod" is-config="true" duration-ms="0" started-at="2019-01-21T11:13:57Z" finished-at="2019-01-21T11:13:57Z">
          <reporter-output>
          </reporter-output>
        </test-method> <!-- tearDownMethod -->
        <test-method status="PASS" signature="endReport()[pri:0, instance:com.amarujala.EpaperTest@73f792cf]" name="endReport" is-config="true" duration-ms="711" started-at="2019-01-21T12:12:14Z" finished-at="2019-01-21T12:12:15Z">
          <reporter-output>
          </reporter-output>
        </test-method> <!-- endReport -->
        <test-method status="PASS" signature="endReport()[pri:0, instance:com.amarujala.HomepageNGTest@13969fbe]" name="endReport" is-config="true" duration-ms="150" started-at="2019-01-21T12:12:15Z" finished-at="2019-01-21T12:12:15Z">
          <reporter-output>
          </reporter-output>
        </test-method> <!-- endReport -->
      </class> <!-- com.amarujala.EpaperTest -->
    </test> <!-- Command line test -->
  </suite> <!-- Command line suite -->
</testng-results>
