<?xml version="1.0" encoding="UTF-8"?>
<testng-results skipped="0" failed="0" total="1" passed="1">
  <reporter-output>
  </reporter-output>
  <suite name="Amarujala" duration-ms="73053" started-at="2019-03-11T11:59:13Z" finished-at="2019-03-11T12:00:26Z">
    <groups>
    </groups>
    <test name="HomepageTest" duration-ms="73053" started-at="2019-03-11T11:59:13Z" finished-at="2019-03-11T12:00:26Z">
      <class name="homepageTest.categorypagesTest">
        <test-method status="PASS" signature="startReport()[pri:0, instance:homepageTest.categorypagesTest@5594a1b5]" name="startReport" is-config="true" duration-ms="333" started-at="2019-03-11T17:29:13Z" finished-at="2019-03-11T17:29:13Z">
          <reporter-output>
          </reporter-output>
        </test-method> <!-- startReport -->
        <test-method status="PASS" signature="setUp()[pri:0, instance:homepageTest.categorypagesTest@5594a1b5]" name="setUp" is-config="true" duration-ms="3351" started-at="2019-03-11T17:29:13Z" finished-at="2019-03-11T17:29:17Z">
          <reporter-output>
          </reporter-output>
        </test-method> <!-- setUp -->
        <test-method status="PASS" signature="categorypageTest()[pri:0, instance:homepageTest.categorypagesTest@5594a1b5]" name="categorypageTest" duration-ms="68774" started-at="2019-03-11T17:29:17Z" finished-at="2019-03-11T17:30:25Z">
          <reporter-output>
          </reporter-output>
        </test-method> <!-- categorypageTest -->
        <test-method status="PASS" signature="getResult(org.testng.ITestResult)[pri:0, instance:homepageTest.categorypagesTest@5594a1b5]" name="getResult" is-config="true" duration-ms="33" started-at="2019-03-11T17:30:25Z" finished-at="2019-03-11T17:30:25Z">
          <params>
            <param index="0">
              <value>
                <![CDATA[[TestResult name=categorypageTest status=SUCCESS method=categorypagesTest.categorypageTest()[pri:0, instance:homepageTest.categorypagesTest@5594a1b5] output={null}]]]>
              </value>
            </param>
          </params>
          <reporter-output>
          </reporter-output>
        </test-method> <!-- getResult -->
        <test-method status="PASS" signature="endReport()[pri:0, instance:homepageTest.categorypagesTest@5594a1b5]" name="endReport" is-config="true" duration-ms="529" started-at="2019-03-11T17:30:25Z" finished-at="2019-03-11T17:30:26Z">
          <reporter-output>
          </reporter-output>
        </test-method> <!-- endReport -->
      </class> <!-- homepageTest.categorypagesTest -->
    </test> <!-- HomepageTest -->
  </suite> <!-- Amarujala -->
</testng-results>
