<?xml version="1.0" encoding="UTF-8"?>
<!-- Generated by org.testng.reporters.JUnitXMLReporter -->
<testsuite hostname="akhilesh-Lenovo-B40-70" name="Command line test" tests="1" failures="1" timestamp="17 Jan 2019 06:17:07 GMT" time="0.278" errors="0">
  <testcase name="@AfterClass tearDown" time="0.0" classname="com.amarujala.EpaperTest">
    <failure type="java.lang.NullPointerException">
      <![CDATA[java.lang.NullPointerException
	at com.amarujala.EpaperTest.tearDown(EpaperTest.java:236)
... Removed 33 stack frames]]>
    </failure>
  </testcase> <!-- @AfterClass tearDown -->
  <testcase name="@AfterTest endReport" time="0.0" classname="com.amarujala.EpaperTest">
    <skipped/>
  </testcase> <!-- @AfterTest endReport -->
  <testcase name="checkPage200" time="0.006" classname="com.amarujala.EpaperTest">
    <failure type="java.lang.NullPointerException">
      <![CDATA[java.lang.NullPointerException
	at com.amarujala.EpaperTest.checkPage200(EpaperTest.java:59)
... Removed 33 stack frames]]>
    </failure>
  </testcase> <!-- checkPage200 -->
</testsuite> <!-- Command line test -->
